GET / → 200 [2.9ms] user=
GET / → 200 [3.2ms] user=
GET / → 200 [2.3ms] user=
GET / → 200 [1.7ms] user=
GET / → 200 [2.9ms] user=
GET / → 200 [7.7ms] user=
GET / → 200 [2.1ms] user=
GET / → 200 [1.7ms] user=
GET / → 200 [2.1ms] user=
GET / → 200 [2.6ms] user=
GET / → 200 [2.2ms] user=
GET / → 200 [1.7ms] user=
GET / → 200 [2.8ms] user=
GET / → 200 [9.1ms] user=
GET /set-theme/ → 302 [1.2ms] user=
GET / → 200 [12.3ms] user=
GET /set-theme/ → 302 [0.3ms] user=
GET / → 200 [5.6ms] user=
GET /set-theme/ → 302 [0.6ms] user=
GET / → 200 [8.8ms] user=
GET /set-theme/ → 302 [0.6ms] user=
GET / → 200 [12.9ms] user=
GET /set-theme/ → 302 [0.4ms] user=
GET / → 200 [11.3ms] user=
GET /set-theme/ → 302 [0.6ms] user=
GET / → 200 [8.1ms] user=
GET /set-theme/ → 302 [0.5ms] user=
GET / → 200 [6.7ms] user=
GET /set-theme/ → 302 [0.8ms] user=
GET / → 200 [8.7ms] user=
GET /set-theme/ → 302 [0.7ms] user=
GET / → 200 [10.0ms] user=
GET /articles/ → 500 [44.7ms] user=
GET /contact/ → 200 [13.5ms] user=
GET /session-demo/ → 302 [4.3ms] user=
GET /login/ → 200 [6.2ms] user=
GET /api/articles/ → 200 [1.0ms] user=
GET /favicon.ico → 404 [2.5ms] user=
GET /articles/ → 500 [26.2ms] user=
GET /articles/ → 500 [46.4ms] user=
GET /articles/ → 500 [32.1ms] user=
GET /login/ → 200 [6.4ms] user=
GET /articles/ → 500 [35.8ms] user=
GET /articles/ → 500 [32.8ms] user=
GET / → 200 [10.6ms] user=
GET / → 200 [8.7ms] user=
GET / → 200 [8.0ms] user=
GET / → 200 [9.1ms] user=
GET /articles/ → 500 [32.9ms] user=
GET /articles/ → 200 [8.5ms] user=
GET /articles/ → 200 [7.0ms] user=
GET /contact/ → 200 [12.6ms] user=
GET /contact/ → 200 [6.0ms] user=
GET / → 200 [10.8ms] user=
GET / → 200 [9.7ms] user=
GET / → 200 [6.5ms] user=
GET / → 200 [5.4ms] user=
GET /session-demo/ → 302 [2.1ms] user=
GET /login/ → 200 [5.3ms] user=
POST /login/ → 302 [175.0ms] user=djoker_1916
GET /session-demo/ → 200 [2.4ms] user=djoker_1916
GET / → 200 [6.5ms] user=djoker_1916
GET /articles/ → 200 [11.0ms] user=djoker_1916
GET /articles/create/ → 200 [8.3ms] user=djoker_1916
GET /articles/ → 200 [7.2ms] user=djoker_1916
GET / → 200 [9.3ms] user=djoker_1916
GET / → 200 [7.0ms] user=djoker_1916
GET / → 200 [10.8ms] user=djoker_1916
GET /articles/create/ → 200 [6.2ms] user=djoker_1916
POST /articles/create/ → 302 [8.6ms] user=djoker_1916
GET /articles/ → 200 [12.8ms] user=djoker_1916
GET / → 200 [7.3ms] user=djoker_1916
GET /articles/ → 200 [7.8ms] user=djoker_1916
GET /session-demo/ → 200 [3.6ms] user=djoker_1916
GET /contact/ → 200 [6.4ms] user=djoker_1916
GET /articles/ → 200 [8.7ms] user=djoker_1916
GET /articles/create/ → 200 [7.8ms] user=djoker_1916
GET /dashboard/ → 200 [14.9ms] user=djoker_1916
GET /articles/1/edit/ → 200 [7.3ms] user=djoker_1916
POST /articles/1/edit/ → 200 [12.7ms] user=djoker_1916
GET /articles/ → 200 [12.9ms] user=djoker_1916
GET / → 200 [9.2ms] user=djoker_1916
GET / → 200 [19.2ms] user=djoker_1916
GET /contact/ → 200 [7.2ms] user=djoker_1916
GET /articles/ → 200 [10.5ms] user=djoker_1916
GET /contact/ → 200 [6.5ms] user=djoker_1916
GET /session-demo/ → 200 [5.1ms] user=djoker_1916
GET /session-demo/ → 200 [5.1ms] user=djoker_1916
GET /api/articles/ → 200 [1.6ms] user=djoker_1916
GET /favicon.ico → 404 [4.4ms] user=
GET / → 200 [10.1ms] user=djoker_1916
GET /dashboard/ → 200 [17.5ms] user=djoker_1916
GET /articles/1/delete/ → 200 [8.7ms] user=djoker_1916
POST /articles/1/delete/ → 302 [11.5ms] user=djoker_1916
GET /dashboard/ → 200 [15.1ms] user=djoker_1916
GET /articles/ → 200 [12.2ms] user=djoker_1916
GET /articles/ → 200 [6.8ms] user=djoker_1916
GET /articles/create/ → 200 [9.3ms] user=djoker_1916
GET /articles/ → 200 [9.2ms] user=djoker_1916
GET /articles/create/ → 200 [13.7ms] user=djoker_1916
POST /articles/create/ → 302 [15.6ms] user=djoker_1916
GET /articles/ → 200 [6.7ms] user=djoker_1916
GET /articles/create/ → 200 [6.0ms] user=djoker_1916
POST /articles/create/ → 302 [10.0ms] user=djoker_1916
GET /articles/ → 200 [8.3ms] user=djoker_1916
GET /articles/ → 200 [12.2ms] user=djoker_1916
GET /contact/ → 200 [8.5ms] user=djoker_1916
GET / → 200 [13.3ms] user=djoker_1916
GET /articles/ → 200 [6.6ms] user=djoker_1916
GET /contact/ → 200 [6.0ms] user=djoker_1916
GET /articles/ → 200 [8.4ms] user=djoker_1916
GET /articles/create/ → 200 [14.5ms] user=djoker_1916
GET /articles/ → 200 [7.8ms] user=djoker_1916
GET /session-demo/ → 200 [7.4ms] user=djoker_1916
GET /api/articles/ → 200 [1.1ms] user=djoker_1916
GET /favicon.ico → 404 [2.4ms] user=
GET /dashboard/ → 200 [17.3ms] user=djoker_1916
GET /logout/ → 302 [13.4ms] user=
GET / → 200 [13.5ms] user=
GET /register/ → 200 [8.3ms] user=
GET / → 200 [18.4ms] user=
GET /favicon.ico → 404 [2.6ms] user=
GET /articles/ → 200 [9.9ms] user=
GET /contact/ → 200 [8.9ms] user=
GET /favicon.ico → 404 [5.1ms] user=
GET /session-demo/ → 302 [3.4ms] user=
GET /login/ → 200 [5.5ms] user=
GET /api/articles/ → 200 [1.0ms] user=
GET /favicon.ico → 404 [3.2ms] user=
